1552347742036	mozrunner::runner	INFO	Running command: "C:\\Program Files\\Mozilla Firefox\\firefox.exe" "-marionette" "-foreground" "-no-remote" "-profile" "C:\\Users\\Todd\\AppData\\Local\\Temp\\rust_mozprofile.wbC7kSuN1ku6"
1552347742450	addons.webextension.screenshots@mozilla.org	WARN	Loading extension 'screenshots@mozilla.org': Reading manifest: Invalid host permission: resource://pdf.js/
1552347742450	addons.webextension.screenshots@mozilla.org	WARN	Loading extension 'screenshots@mozilla.org': Reading manifest: Invalid host permission: about:reader*
1552347744297	Marionette	INFO	Listening on port 53162
1552347744769	Marionette	WARN	TLS certificate errors will be ignored for this session
1552347831613	Marionette	INFO	Stopped listening on port 53162

###!!! [Child][RunMessage] Error: Channel closing: too late to send/recv, messages will be lost

[GPU 9948
###!!! [Child][MessageChannel::SendAndWait] Error: Channel error: cannot send/recv

creenshots@mozilla.org	WARN	Loading extension 'screenshots@mozilla.org': Reading manifest: Invalid host permission: resource://pdf.js/
1552347823255	addons.webextension.screenshots@mozilla.org	WARN	Loading extension 'screenshots@mozilla.org': Reading manifest: Invalid host permission: about:reader*
1552347825115	Marionette	INFO	Listening on port 53320
1552347825592	Marionette	WARN	TLS certificate errors will be ignored for this session
JavaScript error: resource://gre/modules/WebProgressChild.jsm, line 58: TypeError: this.mm.content is null
JavaScript error: resource://gre/modules/WebProgressChild.jsm, line 58: TypeError: this.mm.content is null
[Parent 6348, Gecko_IOThread] WARNING: pipe error: 109: file z:/build/build/src/ipc/chromium/src/chrome/common/ipc_channel_win.cc, line 332
[Child 6044, Chrome_ChildThread] WARNING: pipe error: 109: file z:/build/build/src/ipc/chromium/src/chrome/common/ipc_channel_win.cc, line 332
[Child 6044, Chrome_ChildThread
###!!! [Child][MessageChannel] Error: (msgtype=0x52000E,name=PHttpChannel::Msg_DeletingChannel) Channel closing: too late to send/recv, messages will be lost

] WARNING: pipe error: 109:
###!!! [Child][RunMessage] Error: Channel closing: too late to send/recv, messages will be lost

 file z:/build/build/src/ipc/chromium/src/chrome/common/ipc_channel_win.cc, line 332

###!!! [Child][RunMessage] Error: Channel closing: too late to send/recv, messages will be lost

[Parent 6348, Gecko_IOThread] WARNING: pipe error: 109: file z:/build/build/src/ipc/chromium/src/chrome/common/ipc_channel_win.cc, line 332
1552347832146	Marionette	INFO	Stopped listening on port 53320

###!!! [Child][RunMessage] Error: Channel closing: too late to send/recv, messages will be lost

[GPU 3520, Chr
###!!! [Child][MessageChannel::SendAndWait] Error: Channel error: cannot send/recv

1552347895077	mozrunner::runner	INFO	Running command: "C:\\Program Files\\Mozilla Firefox\\firefox.exe" "-marionette" "-foreground" "-no-remote" "-profile" "C:\\Users\\Todd\\AppData\\Local\\Temp\\rust_mozprofile.ApwMXyi5OyPW"
1552347895481	addons.webextension.screenshots@mozilla.org	WARN	Loading extension 'screenshots@mozilla.org': Reading manifest: Invalid host permission: resource://pdf.js/
1552347895481	addons.webextension.screenshots@mozilla.org	WARN	Loading extension 'screenshots@mozilla.org': Reading manifest: Invalid host permission: about:reader*
1552347897162	Marionette	INFO	Listening on port 53438
1552347897228	Marionette	WARN	TLS certificate errors will be ignored for this session
console.error: BroadcastService: 
  receivedBroadcastMessage: handler for
  remote-settings/monitor_changes
  threw error:
  Message: Error: Polling for changes failed: NetworkError when attempting to fetch resource..
  Stack:
    remoteSettingsFunction/remoteSettings.pollChanges@resource://services-settings/remote-settings.js:188:13

JavaScript error: https://cdn-gl.imrworldwide.com/novms/js/2/nlsSDK600.bundle.min.js, line 8: ReferenceError: event is not defined
JavaScript error: https://cdn-gl.imrworldwide.com/novms/js/2/nlsSDK600.bundle.min.js, line 8: ReferenceError: event is not defined
JavaScript error: https://cdn-gl.imrworldwide.com/novms/js/2/nlsSDK600.bundle.min.js, line 8: ReferenceError: event is not defined
JavaScript error: https://cdn-gl.imrworldwide.com/novms/js/2/nlsSDK600.bundle.min.js, line 8: ReferenceError: event is not defined
JavaScript error: https://cdn-gl.imrworldwide.com/novms/js/2/nlsSDK600.bundle.min.js, line 8: ReferenceError: event is not defined
JavaScript error: https://cdn-gl.imrworldwide.com/novms/js/2/nlsSDK600.bundle.min.js, line 8: ReferenceError: event is not defined
[Parent 3804, Gecko_IOThread] WARNING: pipe error: 109: file z:/build/build/src/ipc/chromium/src/chrome/common/ipc_channel_win.cc, line 332
[Child 120, Chrome_ChildThread] WARNING: pipe error: 109: file z:/build/build/src/ipc/chromium/src/chrome/common/ipc_channel_win.cc, line 332
[Child 120, Chrome_ChildThread] W[Parent 3804, Gecko_IOThread] WARNING: pipe error: 109: file z:/build/build/src/ipc/chromium/src/chrome/common/ipc_channel_win.cc, line 332
[Child 8308, Chrome_ChildThread] WARNING: pipe error: 109: file z:/build/build/src/ipc/chromium/src/chrome/common/ipc_channel_win.cc, line 332
[Child 8308, Chrome_ChildThread] WARNING: pipe error: 109: file z:/build/build/src/ipc/ch1552349585117	Marionette	INFO	Stopped listening on port 53438

###!!! [Child][RunMessage] Error: Channel closing: too late to send/recv, messages will be lost

[GPU 3636, 
###!!! [Child][MessageChannel::SendAndWait] Error: Channel error: cannot send/recv

